<?xml version="1.0" encoding="utf-8"?><testsuites name="pytest tests"><testsuite name="pytest" errors="0" failures="0" skipped="0" tests="117" time="1.305" timestamp="2026-09-22T08:39:48.882775+00:00" hostname="localhost"><testcase classname="tests.test_contract" name="test_health_metadata_empty" time="0.051" /><testcase classname="tests.test_contract" name="test_context_idempotent_and_atomic_replacement" time="0.012" /><testcase classname="tests.test_contract" name="test_same_context_id_different_scope" time="0.010" /><testcase classname="tests.test_contract" name="test_invalid_context_returns_400[change0]" time="0.008" /><testcase classname="tests.test_contract" name="test_invalid_context_returns_400[change1]" time="0.011" /><testcase classname="tests.test_contract" name="test_invalid_context_returns_400[change2]" time="0.008" /><testcase classname="tests.test_contract" name="test_invalid_context_returns_400[change3]" time="0.008" /><testcase classname="tests.test_contract" name="test_invalid_context_returns_400[change4]" time="0.009" /><testcase classname="tests.test_contract" name="test_invalid_context_returns_400[change5]" time="0.010" /><testcase classname="tests.test_contract" name="test_invalid_context_returns_400[change6]" time="0.011" /><testcase classname="tests.test_contract" name="test_invalid_context_returns_400[change7]" time="0.010" /><testcase classname="tests.test_contract" name="test_id_mismatch_and_invalid_nested" time="0.010" /><testcase classname="tests.test_contract" name="test_bad_json_type_and_size" time="0.036" /><testcase classname="tests.test_contract" name="test_empty_tick_unknown_trigger" time="0.013" /><testcase classname="tests.test_contract" name="test_action_shape_template_and_dedup" time="0.016" /><testcase classname="tests.test_contract" name="test_customer_and_merchant_suppressions_are_separate" time="0.018" /><testcase classname="tests.test_contract" name="test_expired_future_triggers" time="0.014" /><testcase classname="tests.test_contract" name="test_max_20_actions_and_distinct_conversations" time="0.065" /><testcase classname="tests.test_contract" name="test_priority_one_per_target" time="0.015" /><testcase classname="tests.test_contract" name="test_concurrent_duplicate_ticks_are_atomic" time="0.029" /><testcase classname="tests.test_contract" name="test_restart_persists_context_and_suppression" time="0.022" /><testcase classname="tests.test_contract" name="test_teardown_disabled_by_default" time="0.014" /><testcase classname="tests.test_contract" name="test_optional_auth" time="0.012" /><testcase classname="tests.test_contract" name="test_reply_replay_and_conflict" time="0.018" /><testcase classname="tests.test_contract" name="test_wrong_identity_role_and_old_turn" time="0.019" /><testcase classname="tests.test_contract" name="test_unknown_replay_conversation_with_known_merchant" time="0.012" /><testcase classname="tests.test_contract" name="test_freeform_only_after_real_human_reply" time="0.013" /><testcase classname="tests.test_contract" name="test_auto_reply_does_not_open_session" time="0.014" /><testcase classname="tests.test_contract" name="test_missing_customer_not_accidentally_merchant_outreach" time="0.012" /><testcase classname="tests.test_contract" name="test_top_level_and_nested_trigger_identity" time="0.012" /><testcase classname="tests.test_contract" name="test_equal_version_does_not_overwrite_data" time="0.014" /><testcase classname="tests.test_safety_and_composition" name="test_pure_composer_determinism_and_no_mutation" time="0.000" /><testcase classname="tests.test_safety_and_composition" name="test_all_seed_triggers_deterministic_without_crashing[0]" time="0.002" /><testcase classname="tests.test_safety_and_composition" name="test_all_seed_triggers_deterministic_without_crashing[1]" time="0.001" /><testcase classname="tests.test_safety_and_composition" name="test_all_seed_triggers_deterministic_without_crashing[2]" time="0.001" /><testcase classname="tests.test_safety_and_composition" name="test_all_seed_triggers_deterministic_without_crashing[3]" time="0.001" /><testcase classname="tests.test_safety_and_composition" name="test_all_seed_triggers_deterministic_without_crashing[4]" time="0.001" /><testcase classname="tests.test_safety_and_composition" name="test_all_seed_triggers_deterministic_without_crashing[5]" time="0.001" /><testcase classname="tests.test_safety_and_composition" name="test_all_seed_triggers_deterministic_without_crashing[6]" time="0.001" /><testcase classname="tests.test_safety_and_composition" name="test_all_seed_triggers_deterministic_without_crashing[7]" time="0.001" /><testcase classname="tests.test_safety_and_composition" name="test_all_seed_triggers_deterministic_without_crashing[8]" time="0.001" /><testcase classname="tests.test_safety_and_composition" name="test_all_seed_triggers_deterministic_without_crashing[9]" time="0.001" /><testcase classname="tests.test_safety_and_composition" name="test_all_seed_triggers_deterministic_without_crashing[10]" time="0.001" /><testcase classname="tests.test_safety_and_composition" name="test_all_seed_triggers_deterministic_without_crashing[11]" time="0.001" /><testcase classname="tests.test_safety_and_composition" name="test_all_seed_triggers_deterministic_without_crashing[12]" time="0.001" /><testcase classname="tests.test_safety_and_composition" name="test_all_seed_triggers_deterministic_without_crashing[13]" time="0.001" /><testcase classname="tests.test_safety_and_composition" name="test_all_seed_triggers_deterministic_without_crashing[14]" time="0.001" /><testcase classname="tests.test_safety_and_composition" name="test_all_seed_triggers_deterministic_without_crashing[15]" time="0.002" /><testcase classname="tests.test_safety_and_composition" name="test_all_seed_triggers_deterministic_without_crashing[16]" time="0.001" /><testcase classname="tests.test_safety_and_composition" name="test_all_seed_triggers_deterministic_without_crashing[17]" time="0.001" /><testcase classname="tests.test_safety_and_composition" name="test_all_seed_triggers_deterministic_without_crashing[18]" time="0.001" /><testcase classname="tests.test_safety_and_composition" name="test_all_seed_triggers_deterministic_without_crashing[19]" time="0.002" /><testcase classname="tests.test_safety_and_composition" name="test_all_seed_triggers_deterministic_without_crashing[20]" time="0.001" /><testcase classname="tests.test_safety_and_composition" name="test_all_seed_triggers_deterministic_without_crashing[21]" time="0.004" /><testcase classname="tests.test_safety_and_composition" name="test_all_seed_triggers_deterministic_without_crashing[22]" time="0.002" /><testcase classname="tests.test_safety_and_composition" name="test_all_seed_triggers_deterministic_without_crashing[23]" time="0.001" /><testcase classname="tests.test_safety_and_composition" name="test_all_seed_triggers_deterministic_without_crashing[24]" time="0.001" /><testcase classname="tests.test_safety_and_composition" name="test_all_30_expanded_canonical_pairs" time="0.010" /><testcase classname="tests.test_safety_and_composition" name="test_stop_durable_for_new_triggers[STOP]" time="0.018" /><testcase classname="tests.test_safety_and_composition" name="test_stop_durable_for_new_triggers[Stop messaging me. This is useless spam.]" time="0.020" /><testcase classname="tests.test_safety_and_composition" name="test_stop_durable_for_new_triggers[unsubscribe]" time="0.018" /><testcase classname="tests.test_safety_and_composition" name="test_stop_durable_for_new_triggers[Mujhe message mat bhejo]" time="0.015" /><testcase classname="tests.test_safety_and_composition" name="test_stop_durable_for_new_triggers[\u092e\u0948\u0938\u0947\u091c \u092c\u0902\u0926 \u0915\u0930\u094b]" time="0.015" /><testcase classname="tests.test_safety_and_composition" name="test_autoreply_immediate_exit[Thank you for contacting us! Our team will respond shortly.]" time="0.024" /><testcase classname="tests.test_safety_and_composition" name="test_autoreply_immediate_exit[I'm an automated assistant.]" time="0.014" /><testcase classname="tests.test_safety_and_composition" name="test_autoreply_immediate_exit[We will get back to you soon]" time="0.013" /><testcase classname="tests.test_safety_and_composition" name="test_repeated_canned_text_detected" time="0.000" /><testcase classname="tests.test_safety_and_composition" name="test_delay_respected" time="0.014" /><testcase classname="tests.test_safety_and_composition" name="test_join_skips_requalification" time="0.013" /><testcase classname="tests.test_safety_and_composition" name="test_offtopic_no_tax_or_secret_advice" time="0.013" /><testcase classname="tests.test_safety_and_composition" name="test_hindi_turn_language" time="0.012" /><testcase classname="tests.test_safety_and_composition" name="test_latest_context_injected_into_tick" time="0.013" /><testcase classname="tests.test_safety_and_composition" name="test_digest_reference_resolved_again_after_context_update" time="0.015" /><testcase classname="tests.test_safety_and_composition" name="test_new_digest_id_and_unknown_trigger_are_not_hardcoded" time="0.000" /><testcase classname="tests.test_safety_and_composition" name="test_missing_reference_does_not_use_wrong_digest" time="0.000" /><testcase classname="tests.test_safety_and_composition" name="test_no_category_offer_promoted_as_merchant_offer" time="0.000" /><testcase classname="tests.test_safety_and_composition" name="test_expired_and_weekday_offers_rejected" time="0.001" /><testcase classname="tests.test_safety_and_composition" name="test_single_customer_cta_no_out_of_scope_discount" time="0.000" /><testcase classname="tests.test_safety_and_composition" name="test_customer_consent_fail_closed[change0]" time="0.000" /><testcase classname="tests.test_safety_and_composition" name="test_customer_consent_fail_closed[change1]" time="0.000" /><testcase classname="tests.test_safety_and_composition" name="test_customer_consent_fail_closed[change2]" time="0.000" /><testcase classname="tests.test_safety_and_composition" name="test_customer_consent_fail_closed[change3]" time="0.000" /><testcase classname="tests.test_safety_and_composition" name="test_customer_consent_fail_closed[change4]" time="0.000" /><testcase classname="tests.test_safety_and_composition" name="test_customer_consent_fail_closed[change5]" time="0.000" /><testcase classname="tests.test_safety_and_composition" name="test_new_customer_scope_not_treated_as_merchant" time="0.015" /><testcase classname="tests.test_safety_and_composition" name="test_cross_merchant_customer_rejected" time="0.000" /><testcase classname="tests.test_safety_and_composition" name="test_explicit_future_recall_suppressed" time="0.002" /><testcase classname="tests.test_safety_and_composition" name="test_refill_shared_channel_minimizes_medical_details" time="0.001" /><testcase classname="tests.test_safety_and_composition" name="test_parent_not_child_is_addressed" time="0.001" /><testcase classname="tests.test_safety_and_composition" name="test_no_fake_completed_actions" time="0.016" /><testcase classname="tests.test_safety_and_composition" name="test_concurrent_context_versions_keep_highest" time="0.049" /><testcase classname="tests.test_safety_and_composition" name="test_max_three_unanswered" time="0.025" /><testcase classname="tests.test_safety_and_composition" name="test_no_freeform_at_exact_24_hour_boundary" time="0.000" /><testcase classname="tests.test_safety_and_composition" name="test_instruction_like_digest_is_not_followed" time="0.000" /><testcase classname="tests.test_safety_and_composition" name="test_injected_stop_history_overrides_existing_recipient" time="0.022" /><testcase classname="tests.test_safety_and_composition" name="test_onboarding_time_is_recorded_not_misread_as_delay" time="0.018" /><testcase classname="tests.test_safety_and_composition" name="test_no_invented_snapshot_window" time="0.001" /><testcase classname="tests.test_web_integration" name="test_all_five_endpoints[/demo/v1]" time="0.022" /><testcase classname="tests.test_web_integration" name="test_all_five_endpoints[/v1]" time="0.022" /><testcase classname="tests.test_web_integration" name="test_demo_writes_do_not_change_judge" time="0.029" /><testcase classname="tests.test_web_integration" name="test_judge_does_not_modify_demo" time="0.016" /><testcase classname="tests.test_web_integration" name="test_wildcard_cors_preflight[https://studio.netlify.app]" time="0.011" /><testcase classname="tests.test_web_integration" name="test_wildcard_cors_preflight[http://localhost:5500]" time="0.009" /><testcase classname="tests.test_web_integration" name="test_explicit_cors_and_auth_error" time="0.012" /><testcase classname="tests.test_web_integration" name="test_cors_validation_and_content_type_errors" time="0.012" /><testcase classname="tests.test_web_integration" name="test_demo_disabled" time="0.009" /><testcase classname="tests.test_web_integration" name="test_demo_uses_auth_for_writes" time="0.017" /><testcase classname="tests.test_web_integration" name="test_backend_root_is_html_with_link" time="0.011" /><testcase classname="tests.test_web_integration" name="test_root_escapes_frontend_link[https://studio.netlify.app-True]" time="0.012" /><testcase classname="tests.test_web_integration" name="test_root_escapes_frontend_link[https://studio.netlify.app/?x=&quot;/&gt;&lt;script&gt;alert(1)&lt;/script&gt;-True]" time="0.011" /><testcase classname="tests.test_web_integration" name="test_root_escapes_frontend_link[javascript:alert(1)-False]" time="0.011" /><testcase classname="tests.test_web_integration" name="test_root_escapes_frontend_link[https://u:secret@studio.netlify.app-False]" time="0.013" /><testcase classname="tests.test_web_integration" name="test_demo_and_judge_persist_separately" time="0.028" /><testcase classname="tests.test_web_integration" name="test_teardown_token_wipes_only_judge" time="0.019" /><testcase classname="tests.test_web_integration" name="test_same_disk_db_rejected" time="0.011" /><testcase classname="tests.test_web_integration" name="test_separate_memory_stores" time="0.012" /><testcase classname="tests.test_web_integration" name="test_environment_configuration" time="0.001" /></testsuite></testsuites>